<?xml version="1.0" encoding="UTF-8"?>
<!-- Generated by org.testng.reporters.JUnitReportReporter -->
<testsuite hostname="BLQA-L0246" name="com.extentreports.basics.DemoExtentReport" tests="5" failures="0" timestamp="31 Jul 2019 17:28:56 GMT" time="46.883" errors="0">
  <testcase name="noCommerceTitleTest" time="5.633" classname="com.extentreports.basics.DemoExtentReport"/>
  <testcase name="selectDesktop" time="12.842" classname="com.extentreports.basics.DemoExtentReport"/>
  <testcase name="changeCurrency" time="10.590" classname="com.extentreports.basics.DemoExtentReport"/>
  <testcase name="verifyImage" time="6.500" classname="com.extentreports.basics.DemoExtentReport"/>
  <testcase name="navigateToCameraSection" time="11.318" classname="com.extentreports.basics.DemoExtentReport"/>
</testsuite> <!-- com.extentreports.basics.DemoExtentReport -->
