<?xml version="1.0" encoding="UTF-8"?>
<!-- Generated by org.testng.reporters.JUnitReportReporter -->
<testsuite hostname="BLQA-L0246" name="com.extentreports.basics.DemoExtentReport" tests="5" failures="0" timestamp="4 Aug 2019 12:03:37 GMT" time="46.689" errors="0">
  <testcase name="navigateToCameraSection" time="9.945" classname="com.extentreports.basics.DemoExtentReport"/>
  <testcase name="noCommerceTitleTest" time="4.876" classname="com.extentreports.basics.DemoExtentReport"/>
  <testcase name="verifyImage" time="8.895" classname="com.extentreports.basics.DemoExtentReport"/>
  <testcase name="changeCurrency" time="11.888" classname="com.extentreports.basics.DemoExtentReport"/>
  <testcase name="selectDesktop" time="11.085" classname="com.extentreports.basics.DemoExtentReport"/>
</testsuite> <!-- com.extentreports.basics.DemoExtentReport -->
