<?xml version="1.0" encoding="UTF-8"?>
<!-- Generated by org.testng.reporters.JUnitReportReporter -->
<testsuite hostname="BLQA-L0246" name="com.maven.demo.firsttest.App" tests="1" failures="0" timestamp="19 Jun 2019 13:14:01 GMT" time="0.021" errors="0">
  <testcase name="firstTest" time="0.021" classname="com.maven.demo.firsttest.App"/>
</testsuite> <!-- com.maven.demo.firsttest.App -->
