<?xml version="1.0" encoding="UTF-8"?>
<!-- Generated by org.testng.reporters.JUnitReportReporter -->
<testsuite skipped="0" hostname="BLQA-L0246" name="com.extentreports.basics.DemoExtentReport" tests="5" failures="0" timestamp="31 Jul 2019 17:31:29 GMT" time="50.712" errors="0">
  <testcase name="selectDesktop" time="10.676" classname="com.extentreports.basics.DemoExtentReport"/>
  <testcase name="navigateToCameraSection" time="10.596" classname="com.extentreports.basics.DemoExtentReport"/>
  <testcase name="changeCurrency" time="14.857" classname="com.extentreports.basics.DemoExtentReport"/>
  <testcase name="noCommerceTitleTest" time="7.970" classname="com.extentreports.basics.DemoExtentReport"/>
  <testcase name="verifyImage" time="6.613" classname="com.extentreports.basics.DemoExtentReport"/>
</testsuite> <!-- com.extentreports.basics.DemoExtentReport -->
