<?xml version="1.0" encoding="UTF-8"?>
<!-- Generated by org.testng.reporters.JUnitReportReporter -->
<testsuite skipped="0" hostname="BLQA-L0246" name="com.extentreports.basics.DemoExtentReport" tests="5" failures="0" timestamp="20 Aug 2019 20:06:32 GMT" time="55.366" errors="0">
  <testcase name="noCommerceTitleTest" time="6.480" classname="com.extentreports.basics.DemoExtentReport"/>
  <testcase name="selectDesktop" time="10.740" classname="com.extentreports.basics.DemoExtentReport"/>
  <testcase name="verifyImage" time="10.681" classname="com.extentreports.basics.DemoExtentReport"/>
  <testcase name="changeCurrency" time="14.154" classname="com.extentreports.basics.DemoExtentReport"/>
  <testcase name="navigateToCameraSection" time="13.311" classname="com.extentreports.basics.DemoExtentReport"/>
</testsuite> <!-- com.extentreports.basics.DemoExtentReport -->
