<?xml version="1.0" encoding="UTF-8"?>
<!-- Generated by org.testng.reporters.JUnitReportReporter -->
<testsuite skipped="0" hostname="BLQA-L0246" name="com.extentreports.basics.DemoExtentReport" tests="5" failures="0" timestamp="04 Aug 2019 12:08:09 GMT" time="45.483" errors="0">
  <testcase name="changeCurrency" time="9.950" classname="com.extentreports.basics.DemoExtentReport"/>
  <testcase name="noCommerceTitleTest" time="7.592" classname="com.extentreports.basics.DemoExtentReport"/>
  <testcase name="selectDesktop" time="10.359" classname="com.extentreports.basics.DemoExtentReport"/>
  <testcase name="navigateToCameraSection" time="11.002" classname="com.extentreports.basics.DemoExtentReport"/>
  <testcase name="verifyImage" time="6.580" classname="com.extentreports.basics.DemoExtentReport"/>
</testsuite> <!-- com.extentreports.basics.DemoExtentReport -->
